\BOOKMARK [0][-]{chapter*.4}{Wprowadzenie}{}% 1
\BOOKMARK [0][-]{chapter.1}{Wprowadzenie do Interfejsów Użytkownika}{}% 2
\BOOKMARK [1][-]{section.1.1}{Rozwój interfejsów użytkownika w ostatnich latach – tendencje, kierunki rozwoju}{chapter.1}% 3
\BOOKMARK [1][-]{section.1.2}{Sposoby udostępniania treści}{chapter.1}% 4
\BOOKMARK [1][-]{section.1.3}{Zdefinowanie przyjaznego i intuicyjnego interfejsu użytkownika}{chapter.1}% 5
\BOOKMARK [0][-]{chapter.2}{Przegląd dostępnych narzędzi do tworzenia UI }{}% 6
\BOOKMARK [1][-]{section.2.1}{ Porównanie tworzenia aplikacji za pomocą dostępnych narzędzi}{chapter.2}% 7
\BOOKMARK [0][-]{chapter.3}{Opis wybranych narzędzi}{}% 8
\BOOKMARK [1][-]{section.3.1}{Ruby\040on\040Rails}{chapter.3}% 9
\BOOKMARK [1][-]{section.3.2}{AngularJS}{chapter.3}% 10
\BOOKMARK [1][-]{section.3.3}{Bootstrap}{chapter.3}% 11
\BOOKMARK [0][-]{chapter.4}{Budowa aplikacji do wyszukiwania i udostępniania zdjęć }{}% 12
\BOOKMARK [1][-]{section.4.1}{Cele\040aplikacji}{chapter.4}% 13
\BOOKMARK [1][-]{section.4.2}{Funkcjonowanie\040aplikacji}{chapter.4}% 14
\BOOKMARK [0][-]{chapter.5}{Opis tworzenia aplikacji przy pomocy wybranych narzędzi}{}% 15
\BOOKMARK [1][-]{section.5.1}{Opis\040tworzenia\040aplikacji\040PicDrop}{chapter.5}% 16
\BOOKMARK [1][-]{section.5.2}{Opis własnych rozwiązań}{chapter.5}% 17
\BOOKMARK [0][-]{chapter.6}{Wnioski}{}% 18
\BOOKMARK [0][-]{chapter*.5}{Zakończenie}{}% 19
\BOOKMARK [0][-]{appendix.A}{Tytuł załącznika jeden}{}% 20
\BOOKMARK [0][-]{appendix.B}{Tytuł załącznika dwa}{}% 21
\BOOKMARK [0][-]{appendix.C}{Literatura:}{}% 22
\BOOKMARK [0][-]{appendix*.6}{Spis\040tablic}{}% 23
\BOOKMARK [0][-]{appendix*.7}{Spis rysunków}{}% 24
\BOOKMARK [0][-]{appendix*.8}{Oświadczenie}{}% 25
